
> Configure project :app
WARNING: Using flatDir should be avoided because it doesn't support any meta-data formats.

> Configure project :capacitor-cordova-android-plugins
WARNING: Using flatDir should be avoided because it doesn't support any meta-data formats.

> Task :app:preBuild UP-TO-DATE
> Task :app:preReleaseBuild UP-TO-DATE
> Task :capacitor-android:preBuild UP-TO-DATE
> Task :capacitor-android:preReleaseBuild UP-TO-DATE
> Task :capacitor-android:processReleaseNavigationResources
> Task :capacitor-camera:preBuild UP-TO-DATE
> Task :capacitor-camera:preReleaseBuild UP-TO-DATE
> Task :capacitor-camera:processReleaseNavigationResources
> Task :capacitor-cordova-android-plugins:preBuild UP-TO-DATE
> Task :capacitor-cordova-android-plugins:preReleaseBuild UP-TO-DATE
> Task :capacitor-cordova-android-plugins:processReleaseNavigationResources
> Task :codetrix-studio-capacitor-google-auth:preBuild UP-TO-DATE
> Task :codetrix-studio-capacitor-google-auth:preReleaseBuild UP-TO-DATE
> Task :codetrix-studio-capacitor-google-auth:processReleaseNavigationResources
> Task :app:processReleaseNavigationResources
> Task :app:compileReleaseNavigationResources
> Task :app:generateReleaseResValues
> Task :app:processReleaseGoogleServices
> Task :capacitor-android:generateReleaseResValues
> Task :capacitor-android:generateReleaseResources
> Task :capacitor-android:packageReleaseResources
> Task :capacitor-camera:generateReleaseResValues
> Task :capacitor-camera:generateReleaseResources
> Task :capacitor-camera:packageReleaseResources
> Task :capacitor-cordova-android-plugins:generateReleaseResValues
> Task :capacitor-cordova-android-plugins:generateReleaseResources
> Task :capacitor-cordova-android-plugins:packageReleaseResources
> Task :codetrix-studio-capacitor-google-auth:generateReleaseResValues
> Task :codetrix-studio-capacitor-google-auth:generateReleaseResources
> Task :codetrix-studio-capacitor-google-auth:packageReleaseResources
> Task :app:mapReleaseSourceSetPaths
> Task :app:generateReleaseResources
> Task :app:createReleaseCompatibleScreenManifests
> Task :app:extractDeepLinksRelease
> Task :capacitor-android:extractDeepLinksRelease
> Task :capacitor-camera:extractDeepLinksRelease
> Task :capacitor-android:processReleaseManifest
> Task :capacitor-cordova-android-plugins:extractDeepLinksRelease
> Task :capacitor-camera:processReleaseManifest
> Task :codetrix-studio-capacitor-google-auth:extractDeepLinksRelease
> Task :capacitor-cordova-android-plugins:processReleaseManifest
> Task :capacitor-android:writeReleaseAarMetadata
> Task :codetrix-studio-capacitor-google-auth:processReleaseManifest
> Task :capacitor-camera:writeReleaseAarMetadata
> Task :app:processReleaseMainManifest
> Task :app:processReleaseManifest
> Task :app:processApplicationManifestReleaseForBundle
> Task :capacitor-cordova-android-plugins:writeReleaseAarMetadata
> Task :codetrix-studio-capacitor-google-auth:writeReleaseAarMetadata
> Task :app:packageReleaseResources
> Task :app:checkReleaseAarMetadata
> Task :capacitor-android:compileReleaseLibraryResources
> Task :capacitor-camera:compileReleaseLibraryResources
> Task :capacitor-android:parseReleaseLocalResources
> Task :capacitor-cordova-android-plugins:compileReleaseLibraryResources
> Task :capacitor-camera:parseReleaseLocalResources
> Task :capacitor-android:generateReleaseRFile
> Task :app:processReleaseManifestForPackage
> Task :app:parseReleaseLocalResources
> Task :capacitor-camera:generateReleaseRFile
> Task :capacitor-cordova-android-plugins:parseReleaseLocalResources
> Task :codetrix-studio-capacitor-google-auth:compileReleaseLibraryResources
> Task :app:extractReleaseVersionControlInfo
> Task :codetrix-studio-capacitor-google-auth:parseReleaseLocalResources
> Task :capacitor-cordova-android-plugins:generateReleaseRFile
> Task :capacitor-android:javaPreCompileRelease
> Task :codetrix-studio-capacitor-google-auth:generateReleaseRFile

> Task :capacitor-android:compileReleaseJavaWithJavac
Note: Some input files use unchecked or unsafe operations.
Note: Recompile with -Xlint:unchecked for details.

> Task :capacitor-camera:javaPreCompileRelease
> Task :codetrix-studio-capacitor-google-auth:javaPreCompileRelease
> Task :capacitor-cordova-android-plugins:javaPreCompileRelease
> Task :capacitor-cordova-android-plugins:compileReleaseJavaWithJavac NO-SOURCE
> Task :capacitor-android:bundleLibCompileToJarRelease
> Task :capacitor-cordova-android-plugins:bundleLibRuntimeToDirRelease
> Task :app:checkReleaseDuplicateClasses
> Task :capacitor-android:bundleLibRuntimeToDirRelease

> Task :capacitor-camera:compileReleaseJavaWithJavac
Note: C:\Users\Ahmed\online-catalog-platform-5\node_modules\@capacitor\camera\android\src\main\java\com\capacitorjs\plugins\camera\CameraBottomSheetDialogFragment.java uses unchecked or unsafe operations.
Note: Recompile with -Xlint:unchecked for details.

> Task :capacitor-camera:bundleLibRuntimeToDirRelease
> Task :codetrix-studio-capacitor-google-auth:compileReleaseJavaWithJavac
> Task :codetrix-studio-capacitor-google-auth:bundleLibRuntimeToDirRelease
> Task :app:javaPreCompileRelease
> Task :capacitor-camera:bundleLibCompileToJarRelease
> Task :capacitor-cordova-android-plugins:bundleLibCompileToJarRelease
> Task :app:desugarReleaseFileDependencies
> Task :app:mergeReleaseStartupProfile UP-TO-DATE
> Task :codetrix-studio-capacitor-google-auth:bundleLibCompileToJarRelease
> Task :app:mergeReleaseShaders
> Task :app:compileReleaseShaders NO-SOURCE
> Task :app:generateReleaseAssets UP-TO-DATE
> Task :capacitor-android:mergeReleaseShaders
> Task :capacitor-android:compileReleaseShaders NO-SOURCE
> Task :capacitor-android:generateReleaseAssets UP-TO-DATE
> Task :capacitor-android:mergeReleaseAssets
> Task :capacitor-camera:mergeReleaseShaders
> Task :capacitor-camera:compileReleaseShaders NO-SOURCE
> Task :capacitor-camera:generateReleaseAssets UP-TO-DATE
> Task :capacitor-camera:mergeReleaseAssets
> Task :capacitor-cordova-android-plugins:mergeReleaseShaders
> Task :capacitor-cordova-android-plugins:compileReleaseShaders NO-SOURCE
> Task :capacitor-cordova-android-plugins:generateReleaseAssets UP-TO-DATE
> Task :capacitor-cordova-android-plugins:mergeReleaseAssets
> Task :codetrix-studio-capacitor-google-auth:mergeReleaseShaders
> Task :codetrix-studio-capacitor-google-auth:compileReleaseShaders NO-SOURCE
> Task :codetrix-studio-capacitor-google-auth:generateReleaseAssets UP-TO-DATE
> Task :codetrix-studio-capacitor-google-auth:mergeReleaseAssets
> Task :app:mergeReleaseAssets
> Task :codetrix-studio-capacitor-google-auth:bundleLibRuntimeToJarRelease
> Task :capacitor-camera:bundleLibRuntimeToJarRelease
> Task :app:processReleaseJavaRes NO-SOURCE
> Task :capacitor-cordova-android-plugins:bundleLibRuntimeToJarRelease
> Task :capacitor-android:processReleaseJavaRes NO-SOURCE
> Task :capacitor-camera:processReleaseJavaRes NO-SOURCE
> Task :capacitor-cordova-android-plugins:processReleaseJavaRes NO-SOURCE
> Task :codetrix-studio-capacitor-google-auth:processReleaseJavaRes NO-SOURCE
> Task :capacitor-android:bundleLibRuntimeToJarRelease
> Task :app:mergeReleaseJniLibFolders
> Task :app:mergeReleaseResources
> Task :capacitor-android:mergeReleaseJniLibFolders
> Task :capacitor-android:mergeReleaseNativeLibs NO-SOURCE
> Task :capacitor-android:copyReleaseJniLibsProjectOnly
> Task :capacitor-camera:mergeReleaseJniLibFolders
> Task :capacitor-camera:mergeReleaseNativeLibs NO-SOURCE
> Task :capacitor-camera:copyReleaseJniLibsProjectOnly
> Task :capacitor-cordova-android-plugins:mergeReleaseJniLibFolders
> Task :capacitor-cordova-android-plugins:mergeReleaseNativeLibs NO-SOURCE
> Task :capacitor-cordova-android-plugins:copyReleaseJniLibsProjectOnly
> Task :codetrix-studio-capacitor-google-auth:mergeReleaseJniLibFolders
> Task :codetrix-studio-capacitor-google-auth:mergeReleaseNativeLibs NO-SOURCE
> Task :codetrix-studio-capacitor-google-auth:copyReleaseJniLibsProjectOnly
> Task :app:writeReleaseAppMetadata
> Task :app:mergeReleaseNativeLibs NO-SOURCE
> Task :app:stripReleaseDebugSymbols NO-SOURCE
> Task :capacitor-android:prepareReleaseArtProfile UP-TO-DATE
> Task :capacitor-camera:prepareReleaseArtProfile UP-TO-DATE
> Task :capacitor-cordova-android-plugins:prepareReleaseArtProfile UP-TO-DATE
> Task :codetrix-studio-capacitor-google-auth:prepareReleaseArtProfile UP-TO-DATE
> Task :app:mergeReleaseArtProfile
> Task :app:collectReleaseDependencies
> Task :app:configureReleaseDependencies
> Task :app:extractReleaseNativeSymbolTables NO-SOURCE
> Task :app:extractProguardFiles
> Task :capacitor-android:createFullJarRelease
> Task :capacitor-android:extractProguardFiles
> Task :capacitor-android:generateReleaseLintModel
> Task :capacitor-android:prepareLintJarForPublish UP-TO-DATE
> Task :capacitor-camera:createFullJarRelease
> Task :capacitor-camera:extractProguardFiles
> Task :capacitor-camera:generateReleaseLintModel
> Task :capacitor-camera:prepareLintJarForPublish UP-TO-DATE
> Task :capacitor-cordova-android-plugins:createFullJarRelease
> Task :capacitor-cordova-android-plugins:extractProguardFiles
> Task :capacitor-cordova-android-plugins:generateReleaseLintModel
> Task :capacitor-cordova-android-plugins:prepareLintJarForPublish UP-TO-DATE
> Task :codetrix-studio-capacitor-google-auth:createFullJarRelease
> Task :codetrix-studio-capacitor-google-auth:extractProguardFiles
> Task :codetrix-studio-capacitor-google-auth:generateReleaseLintModel
> Task :codetrix-studio-capacitor-google-auth:prepareLintJarForPublish UP-TO-DATE
> Task :capacitor-camera:stripReleaseDebugSymbols NO-SOURCE
> Task :capacitor-camera:copyReleaseJniLibsProjectAndLocalJars
> Task :capacitor-camera:extractDeepLinksForAarRelease UP-TO-DATE
> Task :capacitor-camera:checkReleaseAarMetadata
> Task :capacitor-camera:extractReleaseAnnotations
> Task :capacitor-camera:mergeReleaseGeneratedProguardFiles UP-TO-DATE
> Task :capacitor-camera:mergeReleaseConsumerProguardFiles UP-TO-DATE
> Task :codetrix-studio-capacitor-google-auth:stripReleaseDebugSymbols NO-SOURCE
> Task :capacitor-camera:mergeReleaseJavaResource
> Task :codetrix-studio-capacitor-google-auth:copyReleaseJniLibsProjectAndLocalJars
> Task :codetrix-studio-capacitor-google-auth:checkReleaseAarMetadata
> Task :capacitor-camera:syncReleaseLibJars
> Task :capacitor-camera:bundleReleaseLocalLintAar
> Task :codetrix-studio-capacitor-google-auth:extractDeepLinksForAarRelease UP-TO-DATE
> Task :codetrix-studio-capacitor-google-auth:extractReleaseAnnotations
> Task :codetrix-studio-capacitor-google-auth:mergeReleaseGeneratedProguardFiles UP-TO-DATE
> Task :codetrix-studio-capacitor-google-auth:mergeReleaseConsumerProguardFiles UP-TO-DATE
> Task :codetrix-studio-capacitor-google-auth:mergeReleaseJavaResource
> Task :capacitor-android:stripReleaseDebugSymbols NO-SOURCE
> Task :capacitor-android:checkReleaseAarMetadata
> Task :codetrix-studio-capacitor-google-auth:syncReleaseLibJars
> Task :codetrix-studio-capacitor-google-auth:bundleReleaseLocalLintAar
> Task :capacitor-android:copyReleaseJniLibsProjectAndLocalJars
> Task :capacitor-android:extractDeepLinksForAarRelease UP-TO-DATE
> Task :capacitor-android:extractReleaseAnnotations
> Task :capacitor-android:mergeReleaseGeneratedProguardFiles UP-TO-DATE
> Task :capacitor-android:mergeReleaseConsumerProguardFiles
> Task :capacitor-android:mergeReleaseJavaResource
> Task :capacitor-cordova-android-plugins:checkReleaseAarMetadata
> Task :app:mergeReleaseJavaResource
> Task :capacitor-android:syncReleaseLibJars
> Task :capacitor-android:bundleReleaseLocalLintAar
> Task :capacitor-cordova-android-plugins:stripReleaseDebugSymbols NO-SOURCE
> Task :capacitor-cordova-android-plugins:copyReleaseJniLibsProjectAndLocalJars
> Task :capacitor-cordova-android-plugins:extractDeepLinksForAarRelease UP-TO-DATE
> Task :capacitor-cordova-android-plugins:extractReleaseAnnotations
> Task :capacitor-cordova-android-plugins:mergeReleaseGeneratedProguardFiles UP-TO-DATE
> Task :capacitor-cordova-android-plugins:mergeReleaseConsumerProguardFiles UP-TO-DATE
> Task :capacitor-cordova-android-plugins:mergeReleaseJavaResource
> Task :capacitor-cordova-android-plugins:syncReleaseLibJars
> Task :capacitor-cordova-android-plugins:bundleReleaseLocalLintAar
> Task :capacitor-android:writeReleaseLintModelMetadata
> Task :capacitor-camera:writeReleaseLintModelMetadata
> Task :capacitor-cordova-android-plugins:writeReleaseLintModelMetadata
> Task :codetrix-studio-capacitor-google-auth:writeReleaseLintModelMetadata
> Task :capacitor-android:generateReleaseLintVitalModel
> Task :capacitor-camera:generateReleaseLintVitalModel
> Task :capacitor-cordova-android-plugins:generateReleaseLintVitalModel
> Task :codetrix-studio-capacitor-google-auth:generateReleaseLintVitalModel
> Task :app:parseReleaseIntegrityConfig UP-TO-DATE
> Task :app:validateSigningRelease
> Task :app:processReleaseResources
> Task :app:compileReleaseJavaWithJavac
> Task :app:dexBuilderRelease
> Task :app:mergeReleaseGlobalSynthetics
> Task :app:generateReleaseLintVitalReportModel
> Task :app:bundleReleaseResources
> Task :app:mergeExtDexRelease
> Task :app:mergeDexRelease
> Task :app:buildReleasePreBundle
> Task :app:compileReleaseArtProfile
> Task :capacitor-camera:lintVitalAnalyzeRelease
> Task :capacitor-cordova-android-plugins:lintVitalAnalyzeRelease
> Task :capacitor-android:lintVitalAnalyzeRelease
> Task :codetrix-studio-capacitor-google-auth:lintVitalAnalyzeRelease
> Task :app:lintVitalAnalyzeRelease
> Task :app:lintVitalReportRelease
> Task :app:lintVitalRelease
> Task :app:packageReleaseBundle FAILED

[Incubating] Problems report is available at: file:///C:/Users/Ahmed/online-catalog-platform-5/android/build/reports/problems/problems-report.html

FAILURE: Build failed with an exception.

* What went wrong:
Execution failed for task ':app:packageReleaseBundle'.
> A failure occurred while executing com.android.build.gradle.internal.tasks.PackageBundleTask$BundleToolWorkAction
   > Invalid dex file indices, expecting file 'classes٢.dex' but found 'classes2.dex'.

* Try:
> Run with --stacktrace option to get the stack trace.
> Run with --info or --debug option to get more log output.
> Run with --scan to get full insights.
> Get more help at https://help.gradle.org.

Deprecated Gradle features were used in this build, making it incompatible with Gradle 9.0.

You can use '--warning-mode all' to show the individual deprecation warnings and determine if they come from your own scripts or plugins.

For more on this, please refer to https://docs.gradle.org/8.14.3/userguide/command_line_interface.html#sec:command_line_warnings in the Gradle documentation.

BUILD FAILED in 57s
١٨٩ actionable tasks: ١٦٨ executed, ٢١ up-to-date
